<?xml version="1.0" encoding="UTF-8"?>
<!-- Generated by org.testng.reporters.JUnitXMLReporter -->
<testsuite ignored="2" hostname="MLAMBA-IN" failures="0" tests="1" name="Default test" time="94.814" errors="0" timestamp="2020-09-03T15:23:15 IST">
  <testcase classname="com.rediff.qa.testcases.ShoppingPageTest" name="validateShoppingTitleTest" time="4.071"/>
  <testcase classname="com.rediff.qa.testcases.ShoppingPageTest" name="validateSearchTest" time="0.0">
    <ignored/>
  </testcase> <!-- validateSearchTest -->
  <testcase classname="com.rediff.qa.testcases.ShoppingPageTest" name="validateShoppingLogoTest" time="0.0">
    <ignored/>
  </testcase> <!-- validateShoppingLogoTest -->
</testsuite> <!-- Default test -->
