-------------------------------------------------------------------------------
Test set: com.rediff.qa.testcases.HomePageTest
-------------------------------------------------------------------------------
Tests run: 1, Failures: 1, Errors: 0, Skipped: 0, Time elapsed: 18.074 s <<< FAILURE! - in com.rediff.qa.testcases.HomePageTest
validateHomeTitleTest(com.rediff.qa.testcases.HomePageTest)  Time elapsed: 1.774 s  <<< FAILURE!
java.lang.AssertionError: expected [Rediff.com: News | Rediffmail | Stock Quotes | Shopping1] but found [Rediff.com: News | Rediffmail | Stock Quotes | Shopping]
	at com.rediff.qa.testcases.HomePageTest.validateHomeTitleTest(HomePageTest.java:46)

