<?xml version="1.0" encoding="UTF-8"?>
<testng-results ignored="2" total="3" passed="1" failed="0" skipped="0">
  <reporter-output>
  </reporter-output>
  <suite started-at="2020-09-03T15:21:40 IST" name="Default suite" finished-at="2020-09-03T15:23:15 IST" duration-ms="94814">
    <groups>
    </groups>
    <test started-at="2020-09-03T15:21:40 IST" name="Default test" finished-at="2020-09-03T15:23:15 IST" duration-ms="94814">
      <class name="com.rediff.qa.testcases.ShoppingPageTest">
        <test-method is-config="true" signature="setup(org.testng.ITestResult)[pri:0, instance:com.rediff.qa.testcases.ShoppingPageTest@7ce69770]" started-at="2020-09-03T15:21:41 IST" name="setup" finished-at="2020-09-03T15:23:08 IST" duration-ms="87190" status="PASS">
          <params>
            <param index="0">
              <value>
                <![CDATA[[TestResult name={null} status=CREATED method=ShoppingPageTest.validateShoppingTitleTest()[pri:0, instance:com.rediff.qa.testcases.ShoppingPageTest@7ce69770] output={null}]]]>
              </value>
            </param>
          </params>
          <reporter-output>
          </reporter-output>
        </test-method> <!-- setup -->
        <test-method signature="validateShoppingTitleTest()[pri:0, instance:com.rediff.qa.testcases.ShoppingPageTest@7ce69770]" started-at="2020-09-03T15:23:08 IST" name="validateShoppingTitleTest" finished-at="2020-09-03T15:23:12 IST" duration-ms="4071" status="PASS">
          <reporter-output>
          </reporter-output>
        </test-method> <!-- validateShoppingTitleTest -->
        <test-method is-config="true" signature="tearDown()[pri:0, instance:com.rediff.qa.testcases.ShoppingPageTest@7ce69770]" started-at="2020-09-03T15:23:12 IST" name="tearDown" finished-at="2020-09-03T15:23:15 IST" duration-ms="3391" status="PASS">
          <reporter-output>
          </reporter-output>
        </test-method> <!-- tearDown -->
      </class> <!-- com.rediff.qa.testcases.ShoppingPageTest -->
    </test> <!-- Default test -->
  </suite> <!-- Default suite -->
</testng-results>
