<?xml version="1.0" encoding="UTF-8"?>
<!-- Generated by org.testng.reporters.JUnitXMLReporter -->
<testsuite ignored="0" hostname="MLAMBA-IN" failures="0" tests="4" name="Test Rediff" time="171.037" errors="0" timestamp="2020-08-27T17:02:59 IST">
  <testcase classname="com.rediff.qa.testcases.HomePageTest" name="validateHomeTitleTest" time="0.295"/>
  <testcase classname="com.rediff.qa.testcases.HomePageTest" name="validateHomePageLogoTest" time="0.948"/>
  <testcase classname="com.rediff.qa.testcases.HomePageTest" name="validateHomeToLoginPageTest" time="19.233"/>
  <testcase classname="com.rediff.qa.testcases.HomePageTest" name="validateNSETest" time="42.322"/>
</testsuite> <!-- Test Rediff -->
